<?xml version="1.0" encoding="UTF-8"?>
<!-- Generated by org.testng.reporters.JUnitReportReporter -->
<testsuite hostname="DESKTOP-4AO84H4" failures="0" tests="1" name="testlearn.NewTest" time="0.013" errors="0" timestamp="2024-10-06T06:17:42 IST" skipped="0">
  <testcase classname="testlearn.NewTest" name="f" time="0.013"/>
  <system-out/>
</testsuite> <!-- testlearn.NewTest -->
